C51 COMPILER V9.60.7.0   TIMER_ISR                                                         06/01/2024 14:51:07 PAGE 1   


C51 COMPILER V9.60.7.0, COMPILATION OF MODULE TIMER_ISR
OBJECT MODULE PLACED IN .\Objects\Timer_Isr.obj
COMPILER INVOKED BY: C:\Keil_v5\C51\BIN\C51.EXE Timer_Isr.c OPTIMIZE(8,SPEED) BROWSE DEBUG OBJECTEXTEND PRINT(.\Listings
                    -\Timer_Isr.lst) TABS(2) OBJECT(.\Objects\Timer_Isr.obj)

line level    source

   1          /*---------------------------------------------------------------------*/
   2          /* --- STC MCU Limited ------------------------------------------------*/
   3          /* --- STC 1T Series MCU Demo Programme -------------------------------*/
   4          /* --- Mobile: (86)13922805190 ----------------------------------------*/
   5          /* --- Fax: 86-0513-55012956,55012947,55012969 ------------------------*/
   6          /* --- Tel: 86-0513-55012928,55012929,55012966 ------------------------*/
   7          /* --- Web: www.STCAI.com ---------------------------------------------*/
   8          /* --- BBS: www.STCAIMCU.com  -----------------------------------------*/
   9          /* --- QQ:  800003751 -------------------------------------------------*/
  10          /* 如果要在程序中使用此代码,请在程序中注明使用了STC的资料及程序            */
  11          /*---------------------------------------------------------------------*/
  12          
  13          #include  "Timer.h"
  14          
  15          extern void handle_timer0_interrupt();
  16          
  17          //========================================================================
  18          // 函数: Timer0_ISR_Handler
  19          // 描述: Timer0中断函数.
  20          // 参数: none.
  21          // 返回: none.
  22          // 版本: V1.0, 2020-09-23
  23          //========================================================================
  24          void Timer0_ISR_Handler (void) interrupt TMR0_VECTOR    //进中断时已经清除标志
  25          {
  26   1        // TODO: 在此处添加用户代码
  27   1         P67 = ~P67;
  28   1        
  29   1        //handle_timer0_interrupt();
  30   1      }
  31          
  32          //========================================================================
  33          // 函数: Timer1_ISR_Handler
  34          // 描述: Timer1中断函数.
  35          // 参数: none.
  36          // 返回: none.
  37          // 版本: V1.0, 2020-09-23
  38          //========================================================================
  39          void Timer1_ISR_Handler (void) interrupt TMR1_VECTOR    //进中断时已经清除标志
  40          {
  41   1        // TODO: 在此处添加用户代码
  42   1        P66 = ~P66;
  43   1      }
  44          
  45          //========================================================================
  46          // 函数: Timer2_ISR_Handler
  47          // 描述: Timer2中断函数.
  48          // 参数: none.
  49          // 返回: none.
  50          // 版本: V1.0, 2020-09-23
  51          //========================================================================
  52          void Timer2_ISR_Handler (void) interrupt TMR2_VECTOR    //进中断时已经清除标志
  53          {
  54   1        // TODO: 在此处添加用户代码
C51 COMPILER V9.60.7.0   TIMER_ISR                                                         06/01/2024 14:51:07 PAGE 2   

  55   1        P65 = ~P65;
  56   1        
  57   1        handle_timer0_interrupt();
  58   1      }
  59          
  60          //========================================================================
  61          // 函数: Timer3_ISR_Handler
  62          // 描述: Timer3中断函数.
  63          // 参数: none.
  64          // 返回: none.
  65          // 版本: V1.0, 2020-09-23
  66          //========================================================================
  67          void Timer3_ISR_Handler (void) interrupt TMR3_VECTOR    //进中断时已经清除标志
  68          {
  69   1        // TODO: 在此处添加用户代码
  70   1        P64 = ~P64;
  71   1      }
  72          
  73          //========================================================================
  74          // 函数: Timer4_ISR_Handler
  75          // 描述: Timer4中断函数.
  76          // 参数: none.
  77          // 返回: none.
  78          // 版本: V1.0, 2020-09-23
  79          //========================================================================
  80          void Timer4_ISR_Handler (void) interrupt TMR4_VECTOR    //进中断时已经清除标志
  81          {
  82   1        // TODO: 在此处添加用户代码
  83   1        P63 = ~P63;
  84   1      }


MODULE INFORMATION:   STATIC OVERLAYABLE
   CODE SIZE        =     73    ----
   CONSTANT SIZE    =   ----    ----
   XDATA SIZE       =   ----    ----
   PDATA SIZE       =   ----    ----
   DATA SIZE        =   ----    ----
   IDATA SIZE       =   ----    ----
   BIT SIZE         =   ----    ----
END OF MODULE INFORMATION.


C51 COMPILATION COMPLETE.  0 WARNING(S),  0 ERROR(S)
