C51 COMPILER V9.60.7.0   MAIN                                                              06/01/2024 11:18:33 PAGE 1   


C51 COMPILER V9.60.7.0, COMPILATION OF MODULE MAIN
OBJECT MODULE PLACED IN .\Objects\main.obj
COMPILER INVOKED BY: C:\Keil_v5\C51\BIN\C51.EXE main.c OPTIMIZE(8,SPEED) BROWSE DEBUG OBJECTEXTEND PRINT(.\Listings\main
                    -.lst) TABS(2) OBJECT(.\Objects\main.obj)

line level    source

   1          #include "GPIO.h"
   2          #include "NVIC.h"
   3          #include "Timer.h"
   4          
   5          void GPIO_Config(void) {
   6   1        GPIO_InitTypeDef  GPIO_InitStructure;   //结构定义
   7   1        GPIO_InitStructure.Pin  = GPIO_Pin_3;   //指定要初始化的IO,
   8   1        GPIO_InitStructure.Mode = GPIO_PullUp;  //指定IO的输入或输出方式,GPIO_PullUp,GPIO_HighZ,GPIO_OUT_OD,GPIO_O
             -UT_PP
   9   1        GPIO_Inilize(GPIO_P5, &GPIO_InitStructure);//初始化
  10   1      }
  11          
  12          
  13          void Timer_Config(){
  14   1        TIM_InitTypeDef init;
  15   1        
  16   1        init.TIM_Mode = TIM_16BitAutoReload;    //工作模式,   TIM_16BitAutoReload,TIM_16Bit,TIM_8BitAutoReload,TIM_
             -16BitAutoReloadNoMask
  17   1        init.TIM_ClkSource = TIM_CLOCK_1T;  //时钟源    TIM_CLOCK_1T,TIM_CLOCK_12T,TIM_CLOCK_Ext
  18   1        init.TIM_ClkOut = DISABLE;    //可编程时钟输出, ENABLE,DISABLE
  19   1        init.TIM_Value = 65535 - ( MAIN_Fosc / 1000 );    //装载初值
  20   1        init.TIM_Run = ENABLE;    //是否运行    ENABLE,DISABLE
  21   1        
  22   1        //初始化
  23   1        Timer_Inilize(Timer0 , &init);
  24   1        
  25   1        NVIC_Timer0_Init(ENABLE , Priority_1);
  26   1      }
  27          
  28          
  29          
  30          int count = 0 ;
  31          //处理定时器0的中断
  32          void handle_timer0_interrupt(){
  33   1        //希望 1s 间隔实现LED灯的亮灭效果
  34   1        count++;
  35   1        if(count == 500){
  36   2          P53 = ~P53;
  37   2          count = 0 ;
  38   2        }
  39   1      }
  40          
  41          
  42          //void My_Timer0_ISR_Handler (void) interrupt TMR0_VECTOR {
  43          //  handle_timer0_interrupt();
  44          //}
  45          
  46          
  47          
  48          void main(){
  49   1        
  50   1        //配置GPIO
  51   1        GPIO_Config();
  52   1        
C51 COMPILER V9.60.7.0   MAIN                                                              06/01/2024 11:18:33 PAGE 2   

  53   1        //配置Timer
  54   1        Timer_Config();
  55   1        
  56   1        //全局中断
  57   1        EA = 1;
  58   1        
  59   1        while(1){
  60   2          
  61   2        }
  62   1      }


MODULE INFORMATION:   STATIC OVERLAYABLE
   CODE SIZE        =     83    ----
   CONSTANT SIZE    =   ----    ----
   XDATA SIZE       =   ----    ----
   PDATA SIZE       =   ----    ----
   DATA SIZE        =      2       9
   IDATA SIZE       =   ----    ----
   BIT SIZE         =   ----    ----
END OF MODULE INFORMATION.


C51 COMPILATION COMPLETE.  0 WARNING(S),  0 ERROR(S)
