C51 COMPILER V9.60.7.0   TIMER_ISR                                                         06/01/2024 11:18:33 PAGE 1   


C51 COMPILER V9.60.7.0, COMPILATION OF MODULE TIMER_ISR
OBJECT MODULE PLACED IN .\Objects\Timer_Isr.obj
COMPILER INVOKED BY: C:\Keil_v5\C51\BIN\C51.EXE Timer_Isr.c OPTIMIZE(8,SPEED) BROWSE DEBUG OBJECTEXTEND PRINT(.\Listings
                    -\Timer_Isr.lst) TABS(2) OBJECT(.\Objects\Timer_Isr.obj)

line level    source

   1          /*---------------------------------------------------------------------*/
   2          /* --- STC MCU Limited ------------------------------------------------*/
   3          /* --- STC 1T Series MCU Demo Programme -------------------------------*/
   4          /* --- Mobile: (86)13922805190 ----------------------------------------*/
   5          /* --- Fax: 86-0513-55012956,55012947,55012969 ------------------------*/
   6          /* --- Tel: 86-0513-55012928,55012929,55012966 ------------------------*/
   7          /* --- Web: www.STCAI.com ---------------------------------------------*/
   8          /* --- BBS: www.STCAIMCU.com  -----------------------------------------*/
   9          /* --- QQ:  800003751 -------------------------------------------------*/
  10          /* 如果要在程序中使用此代码,请在程序中注明使用了STC的资料及程序            */
  11          /*---------------------------------------------------------------------*/
  12          
  13          #include  "Timer.h"
  14          
  15          // 表示这个函数是一个外部的函数
  16          extern void handle_timer0_interrupt();
  17          
  18          //========================================================================
  19          // 函数: Timer0_ISR_Handler
  20          // 描述: Timer0中断函数.
  21          // 参数: none.
  22          // 返回: none.
  23          // 版本: V1.0, 2020-09-23
  24          //========================================================================
  25          void Timer0_ISR_Handler (void) interrupt TMR0_VECTOR    //进中断时已经清除标志
  26          {
  27   1        // TODO: 在此处添加用户代码
  28   1         P67 = ~P67;
  29   1        
  30   1         handle_timer0_interrupt();
  31   1      }
  32          
  33          //========================================================================
  34          // 函数: Timer1_ISR_Handler
  35          // 描述: Timer1中断函数.
  36          // 参数: none.
  37          // 返回: none.
  38          // 版本: V1.0, 2020-09-23
  39          //========================================================================
  40          void Timer1_ISR_Handler (void) interrupt TMR1_VECTOR    //进中断时已经清除标志
  41          {
  42   1        // TODO: 在此处添加用户代码
  43   1        P66 = ~P66;
  44   1      }
  45          
  46          //========================================================================
  47          // 函数: Timer2_ISR_Handler
  48          // 描述: Timer2中断函数.
  49          // 参数: none.
  50          // 返回: none.
  51          // 版本: V1.0, 2020-09-23
  52          //========================================================================
  53          void Timer2_ISR_Handler (void) interrupt TMR2_VECTOR    //进中断时已经清除标志
  54          {
C51 COMPILER V9.60.7.0   TIMER_ISR                                                         06/01/2024 11:18:33 PAGE 2   

  55   1        // TODO: 在此处添加用户代码
  56   1        P65 = ~P65;
  57   1      }
  58          
  59          //========================================================================
  60          // 函数: Timer3_ISR_Handler
  61          // 描述: Timer3中断函数.
  62          // 参数: none.
  63          // 返回: none.
  64          // 版本: V1.0, 2020-09-23
  65          //========================================================================
  66          void Timer3_ISR_Handler (void) interrupt TMR3_VECTOR    //进中断时已经清除标志
  67          {
  68   1        // TODO: 在此处添加用户代码
  69   1        P64 = ~P64;
  70   1      }
  71          
  72          //========================================================================
  73          // 函数: Timer4_ISR_Handler
  74          // 描述: Timer4中断函数.
  75          // 参数: none.
  76          // 返回: none.
  77          // 版本: V1.0, 2020-09-23
  78          //========================================================================
  79          void Timer4_ISR_Handler (void) interrupt TMR4_VECTOR    //进中断时已经清除标志
  80          {
  81   1        // TODO: 在此处添加用户代码
  82   1        P63 = ~P63;
  83   1      }


MODULE INFORMATION:   STATIC OVERLAYABLE
   CODE SIZE        =     73    ----
   CONSTANT SIZE    =   ----    ----
   XDATA SIZE       =   ----    ----
   PDATA SIZE       =   ----    ----
   DATA SIZE        =   ----    ----
   IDATA SIZE       =   ----    ----
   BIT SIZE         =   ----    ----
END OF MODULE INFORMATION.


C51 COMPILATION COMPLETE.  0 WARNING(S),  0 ERROR(S)
