C51 COMPILER V9.60.7.0   MAIN                                                              01/30/2025 04:15:56 PAGE 1   


C51 COMPILER V9.60.7.0, COMPILATION OF MODULE MAIN
OBJECT MODULE PLACED IN .\Objects\main.obj
COMPILER INVOKED BY: C:\Keil_v5\C51\BIN\C51.EXE main.c OPTIMIZE(8,SPEED) BROWSE DEBUG OBJECTEXTEND PRINT(.\Listings\main
                    -.lst) OBJECT(.\Objects\main.obj)

line level    source

   1          
   2          #include "config.h"
   3          #include "GPIO.h"
   4          #include "delay.h"
   5          
   6          
   7          void GPIO_config(void) {
   8   1              GPIO_InitTypeDef        GPIO_InitStructure;             //结构定义
   9   1              GPIO_InitStructure.Pin  = GPIO_Pin_3;           //指定要初始化的IO,
  10   1              GPIO_InitStructure.Mode = GPIO_PullUp;  //指定IO的输入或输出方式,GPIO_PullUp,GPIO_HighZ,GPIO_OUT_OD,GPIO_O
             -UT_PP
  11   1              GPIO_Inilize(GPIO_P5, &GPIO_InitStructure);//初始化
  12   1              
  13   1              
  14   1              GPIO_InitStructure.Pin  = GPIO_Pin_3;           //指定要初始化的IO,
  15   1              GPIO_InitStructure.Mode = GPIO_PullUp;  //指定IO的输入或输出方式,GPIO_PullUp,GPIO_HighZ,GPIO_OUT_OD,GPIO_O
             -UT_PP
  16   1              GPIO_Inilize(GPIO_P5, &GPIO_InitStructure);//初始化
  17   1      }
  18          
  19          int main() {
  20   1              GPIO_config();
  21   1              
  22   1              while(1) {
  23   2                      P53 = 1;
  24   2                      NOP1();  // 24M :  20.5us   ----   12M : 大？ 小？
  25   2                      P53 = 0;
  26   2                      //NOP1();
  27   2              }
  28   1      }


MODULE INFORMATION:   STATIC OVERLAYABLE
   CODE SIZE        =     42    ----
   CONSTANT SIZE    =   ----    ----
   XDATA SIZE       =   ----    ----
   PDATA SIZE       =   ----    ----
   DATA SIZE        =   ----       2
   IDATA SIZE       =   ----    ----
   BIT SIZE         =   ----    ----
END OF MODULE INFORMATION.


C51 COMPILATION COMPLETE.  0 WARNING(S),  0 ERROR(S)
