C51 COMPILER V9.60.7.0   MAIN                                                              06/01/2024 15:15:52 PAGE 1   


C51 COMPILER V9.60.7.0, COMPILATION OF MODULE MAIN
OBJECT MODULE PLACED IN .\Objects\main.obj
COMPILER INVOKED BY: C:\Keil_v5\C51\BIN\C51.EXE main.c OPTIMIZE(8,SPEED) BROWSE DEBUG OBJECTEXTEND PRINT(.\Listings\main
                    -.lst) TABS(2) OBJECT(.\Objects\main.obj)

line level    source

   1          #include "GPIO.h"
   2          #include "Delay.h"
   3          
   4          
   5          #define LED_SW P45
   6          
   7          #define LED1 P27
   8          #define LED2 P26
   9          #define LED3 P15
  10          #define LED4 P14
  11          #define LED5 P23
  12          #define LED6 P22
  13          #define LED7 P21
  14          #define LED8 P20
  15          
  16          
  17          
  18          
  19          void GPIO_config(void) {
  20   1        GPIO_InitTypeDef  GPIO_InitStructure;   //结构定义
  21   1        
  22   1        
  23   1        
  24   1        //LED_SW P45
  25   1        GPIO_InitStructure.Pin  = GPIO_Pin_5;   //指定要初始化的IO,
  26   1        GPIO_InitStructure.Mode = GPIO_PullUp;  //指定IO的输入或输出方式,GPIO_PullUp,GPIO_HighZ,GPIO_OUT_OD,GPIO_O
             -UT_PP
  27   1        GPIO_Inilize(GPIO_P4, &GPIO_InitStructure);//初始化
  28   1        
  29   1        
  30   1        
  31   1        // 8个LED灯
  32   1        GPIO_InitStructure.Pin  = GPIO_Pin_0 | GPIO_Pin_1 | GPIO_Pin_2 | GPIO_Pin_3 | GPIO_Pin_6 | GPIO_Pin_7;    /
             -/指定要初始化的IO,
  33   1        GPIO_InitStructure.Mode = GPIO_PullUp;  //指定IO的输入或输出方式,GPIO_PullUp,GPIO_HighZ,GPIO_OUT_OD,GPIO_O
             -UT_PP
  34   1        GPIO_Inilize(GPIO_P2, &GPIO_InitStructure);//初始化
  35   1        
  36   1        
  37   1          
  38   1        GPIO_InitStructure.Pin  = GPIO_Pin_4 | GPIO_Pin_5;    //指定要初始化的IO,
  39   1        GPIO_InitStructure.Mode = GPIO_PullUp;  //指定IO的输入或输出方式,GPIO_PullUp,GPIO_HighZ,GPIO_OUT_OD,GPIO_O
             -UT_PP
  40   1        GPIO_Inilize(GPIO_P1, &GPIO_InitStructure);//初始化
  41   1        
  42   1      }
  43          
  44          void main(){
  45   1        
  46   1        // 配置IO模式
  47   1        GPIO_config();
  48   1        
  49   1        // 开启总开关
  50   1        LED_SW = 0;
C51 COMPILER V9.60.7.0   MAIN                                                              06/01/2024 15:15:52 PAGE 2   

  51   1      
  52   1        while(1){
  53   2          
  54   2          
  55   2          //亮灯
  56   2          LED1 = LED2 = LED3 = LED4 = LED5 = LED6 = LED7 =LED8 = 0;
  57   2          
  58   2          delay_ms(250);
  59   2          delay_ms(250);
  60   2          delay_ms(250);
  61   2          delay_ms(250);
  62   2      
  63   2          //熄灯
  64   2          LED1 = LED2 = LED3 = LED4 = LED5 = LED6 = LED7 =LED8 = 1;
  65   2          
  66   2          delay_ms(250);
  67   2          delay_ms(250);
  68   2          delay_ms(250);
  69   2          delay_ms(250);
  70   2          
  71   2          
  72   2        }
  73   1      }


MODULE INFORMATION:   STATIC OVERLAYABLE
   CODE SIZE        =    127    ----
   CONSTANT SIZE    =   ----    ----
   XDATA SIZE       =   ----    ----
   PDATA SIZE       =   ----    ----
   DATA SIZE        =   ----       2
   IDATA SIZE       =   ----    ----
   BIT SIZE         =   ----    ----
END OF MODULE INFORMATION.


C51 COMPILATION COMPLETE.  0 WARNING(S),  0 ERROR(S)
