C51 COMPILER V9.60.7.0   MAIN                                                              01/30/2025 03:19:40 PAGE 1   


C51 COMPILER V9.60.7.0, COMPILATION OF MODULE MAIN
OBJECT MODULE PLACED IN .\Objects\main.obj
COMPILER INVOKED BY: C:\Keil_v5\C51\BIN\C51.EXE main.c OPTIMIZE(8,SPEED) BROWSE DEBUG OBJECTEXTEND PRINT(.\Listings\main
                    -.lst) OBJECT(.\Objects\main.obj)

line level    source

   1          #include "Delay.h"
   2          #include "GPIO.h"
   3          #include "NVIC.h"
   4          #include "UART.h"
   5          #include "Switch.h"
   6          
   7          void GPIO_Config(){
   8   1              GPIO_InitTypeDef init;
   9   1              init.Mode = GPIO_PullUp;                //IO模式,               GPIO_PullUp,GPIO_HighZ,GPIO_OUT_OD,GPIO_OUT_PP
  10   1              init.Pin = GPIO_Pin_0 | GPIO_Pin_1;             //要设置的端口  
  11   1              GPIO_Inilize(GPIO_P3 , &init);
  12   1      }
  13          
  14          
  15          void UART_Config(){
  16   1              
  17   1              COMx_InitDefine init;
  18   1              
  19   1              init.UART_Mode = UART_8bit_BRTx;                        //模式,         UART_ShiftRight,UART_8bit_BRTx,UART_9bit,UART_9bit_BRT
             -x
  20   1              init.UART_BRT_Use = BRT_Timer1;         //使用波特率,   BRT_Timer1,BRT_Timer2,BRT_Timer3,BRT_Timer4
  21   1              init.UART_BaudRate = 115200;            //波特率,          一般 110 ~ 115200
  22   1              init.UART_RxEnable = ENABLE;            //允许接收,   ENABLE,DISABLE
  23   1              init.BaudRateDouble = DISABLE;          //波特率加倍, ENABLE,DISABLE
  24   1              
  25   1              //初始化串口：参数一 配置串口 几
  26   1              UART_Configuration(UART1, &init);
  27   1              
  28   1              //打开中断使能 NVIC
  29   1              NVIC_UART1_Init(ENABLE , Priority_1);
  30   1              
  31   1              //切换引脚
  32   1              UART1_SW(UART1_SW_P30_P31);
  33   1      }
  34          
  35          
  36          void main(){
  37   1              
  38   1              int i;
  39   1              
  40   1              //1. 配置IO
  41   1              GPIO_Config();
  42   1              
  43   1              //2. 配置UART
  44   1              UART_Config();
  45   1              
  46   1              //3. 打开全局中断
  47   1              EA = 1;
  48   1          TX1_write2buff('D');
  49   1              
  50   1          while(1){
  51   2          // 4.接收PC发过来的数据
  52   2              
  53   2              //4.1 判断串口是否有数据过来
C51 COMPILER V9.60.7.0   MAIN                                                              01/30/2025 03:19:40 PAGE 2   

  54   2              if(COM1.RX_Cnt >0 && --COM1.RX_TimeOut ==0){
  55   3                  //4.2  获取数据，遍历数组
  56   3                  for(i=0;i<COM1.RX_Cnt;i++){
  57   4                  
  58   4                      //4.3 取出数组中的每一个元素，在写回去，PC就知道计算机受到什么数据了
  59   4                      TX1_write2buff(RX1_Buffer[i]);
  60   4              }
  61   3              COM1.RX_Cnt = 0;
  62   3          }
  63   2              
  64   2          delay_ms(20);
  65   2              }
  66   1      }


MODULE INFORMATION:   STATIC OVERLAYABLE
   CODE SIZE        =    139    ----
   CONSTANT SIZE    =   ----    ----
   XDATA SIZE       =   ----    ----
   PDATA SIZE       =   ----    ----
   DATA SIZE        =   ----      13
   IDATA SIZE       =   ----    ----
   BIT SIZE         =   ----    ----
END OF MODULE INFORMATION.


C51 COMPILATION COMPLETE.  0 WARNING(S),  0 ERROR(S)
